2025-08-03 16:00:30,290 INFO: Product Tracker startup [in C:\Users\geshiks\Desktop\product\run.py:28]
2025-08-03 16:14:16,919 INFO: Product Tracker startup [in C:\Users\geshiks\Desktop\product\run.py:22]
2025-08-03 16:16:23,158 INFO: Product Tracker startup [in C:\Users\geshiks\Desktop\product\run.py:22]
2025-08-03 16:16:31,988 INFO: Product Tracker startup [in C:\Users\geshiks\Desktop\product\run.py:22]
2025-08-03 16:16:41,124 INFO: Product Tracker startup [in C:\Users\geshiks\Desktop\product\run.py:22]
2025-08-03 16:16:57,122 INFO: Product Tracker startup [in C:\Users\geshiks\Desktop\product\run.py:22]
2025-08-03 16:40:25,537 INFO: Product Tracker startup [in C:\Users\geshiks\Desktop\product\run.py:22]
2025-08-03 16:46:32,423 INFO: Product Tracker startup [in C:\Users\geshiks\Desktop\product\run.py:22]
2025-08-05 13:07:47,514 INFO: Product Tracker startup [in /app/run.py:22]
2025-08-05 13:29:02,389 INFO: Product Tracker startup [in /app/run.py:22]
2025-08-05 13:29:32,960 INFO: Product Tracker startup [in /app/run.py:22]
2025-08-05 13:34:10,758 INFO: Product Tracker startup [in /app/run.py:22]
2025-08-05 14:49:44,605 INFO: Product Tracker application startup in development mode. [in /app/run.py:57]
2025-08-05 14:54:35,734 INFO: Product Tracker application startup [in /app/run.py:27]
2025-08-05 14:59:22,131 INFO: Product Tracker application startup [in /app/run.py:29]
2025-08-05 15:07:54,025 INFO: Product Tracker application startup [in /app/run.py:29]
2025-08-06 14:15:46,944 INFO: Product Tracker startup in development mode. [in /app/run.py:28]
2025-08-06 14:18:45,204 INFO: Product Tracker startup in development mode. [in /app/run.py:28]
2025-08-06 14:23:51,521 INFO: Product Tracker startup in development mode. [in /app/run.py:28]
2025-08-06 14:29:48,889 INFO: Product Tracker application startup in development mode. [in /app/run.py:49]
